[0m[[0m[0mdebug[0m] [0m[0m> Exec(testOnly core.topcoretest -- -DwriteVcd=1, Some(66be350a-9f18-40b9-b9f9-9daa92b27a2e), Some(CommandSource(console0)))[0m
[0m[[0m[0mdebug[0m] [0m[0mEvaluating tasks: Test / testOnly[0m
[0m[[0m[0mdebug[0m] [0m[0mRunning task... Cancel: Signal, check cycles: false, forcegc: true[0m
[0m[[0m[0minfo[0m] [0m[0m[32mtopcoretest:[0m[0m
[0m[[0m[0minfo[0m] [0m[0m[31m- Chisel Tester File topcoretest *** FAILED ***[0m[0m
[0m[[0m[0minfo[0m] [0m[0m[31m  firrtl.passes.PassExceptions: firrtl.passes.CheckInitialization$RefNotInitializedException:  @[fetch.scala 30:23] : [module fetch]  Reference pcmod is not fully initialized.[0m[0m
[0m[[0m[0minfo[0m] [0m[0m[31m   : pcmod.io.jump <= mux(_T_4, UInt<1>("h1"), VOID)[0m[0m
[0m[[0m[0minfo[0m] [0m[0m[31mfirrtl.passes.CheckInitialization$RefNotInitializedException:  @[execute.scala 37:24] : [module execute]  Reference alumod is not fully initialized.[0m[0m
[0m[[0m[0minfo[0m] [0m[0m[31m   : alumod.io.A <= mux(_T_1, VOID, io.regfrdata2_execute)[0m[0m
[0m[[0m[0minfo[0m] [0m[0m[31mfirrtl.passes.CheckInitialization$RefNotInitializedException:  : [module execute]  Reference io is not fully initialized.[0m[0m
[0m[[0m[0minfo[0m] [0m[0m[31m   : io.pc_imm_execute_to_decode_out <= VOID[0m[0m
[0m[[0m[0minfo[0m] [0m[0m[31mfirrtl.passes.CheckInitialization$RefNotInitializedException:  : [module mem]  Reference io is not fully initialized.[0m[0m
[0m[[0m[0minfo[0m] [0m[0m[31m   : io.pc_imm_mem_to_execute_out <= VOID[0m[0m
[0m[[0m[0minfo[0m] [0m[0m[31mfirrtl.passes.CheckInitialization$RefNotInitializedException:  @[topcore.scala 15:28] : [module topcore]  Reference fetch_module is not fully initialized.[0m[0m
[0m[[0m[0minfo[0m] [0m[0m[31m   : fetch_module.io.pc_fetch_imm <= VOID[0m[0m
[0m[[0m[0minfo[0m] [0m[0m[31mfirrtl.passes.CheckInitialization$RefNotInitializedException:  @[topcore.scala 16:29] : [module topcore]  Reference decode_module is not fully initialized.[0m[0m
[0m[[0m[0minfo[0m] [0m[0m[31m   : decode_module.io.decode_regf_wen <= VOID[0m[0m
[0m[[0m[0minfo[0m] [0m[0m[31mfirrtl.passes.CheckInitialization$RefNotInitializedException:  @[topcore.scala 18:26] : [module topcore]  Reference mem_module is not fully initialized.[0m[0m
[0m[[0m[0minfo[0m] [0m[0m[31m   : mem_module.io.wr_enable_mem <= VOID[0m[0m
[0m[[0m[0minfo[0m] [0m[0m[31mfirrtl.passes.CheckInitialization$RefNotInitializedException:  @[topcore.scala 18:26] : [module topcore]  Reference mem_module is not fully initialized.[0m[0m
[0m[[0m[0minfo[0m] [0m[0m[31m   : mem_module.io.pc_imm_execute_to_mem <= VOID[0m[0m
[0m[[0m[0minfo[0m] [0m[0m[31mfirrtl.passes.CheckInitialization$RefNotInitializedException:  @[topcore.scala 16:29] : [module topcore]  Reference decode_module is not fully initialized.[0m[0m
[0m[[0m[0minfo[0m] [0m[0m[31m   : decode_module.io.decode_regf_waddr <= VOID[0m[0m
[0m[[0m[0minfo[0m] [0m[0m[31mfirrtl.passes.CheckInitialization$RefNotInitializedException:  @[topcore.scala 18:26] : [module topcore]  Reference mem_module is not fully initialized.[0m[0m
[0m[[0m[0minfo[0m] [0m[0m[31m   : mem_module.io.rd_enable_mem <= VOID[0m[0m
[0m[[0m[0minfo[0m] [0m[0m[31mfirrtl.passes.CheckInitialization$RefNotInitializedException:  @[topcore.scala 17:30] : [module topcore]  Reference execute_module is not fully initialized.[0m[0m
[0m[[0m[0minfo[0m] [0m[0m[31m   : execute_module.io.pc_decode_to_execute_imm <= VOID[0m[0m
[0m[[0m[0minfo[0m] [0m[0m[31mfirrtl.passes.CheckInitialization$RefNotInitializedException:  @[topcore.scala 17:30] : [module topcore]  Reference execute_module is not fully initialized.[0m[0m
[0m[[0m[0minfo[0m] [0m[0m[31m   : execute_module.io.regfrdata2_execute <= VOID[0m[0m
[0m[[0m[0minfo[0m] [0m[0m[31mfirrtl.passes.CheckInitialization$RefNotInitializedException:  @[topcore.scala 16:29] : [module topcore]  Reference decode_module is not fully initialized.[0m[0m
[0m[[0m[0minfo[0m] [0m[0m[31m   : decode_module.io.decode_regf_raddr2 <= VOID[0m[0m
[0m[[0m[0minfo[0m] [0m[0m[31mfirrtl.passes.CheckInitialization$RefNotInitializedException:  @[topcore.scala 15:28] : [module topcore]  Reference fetch_module is not fully initialized.[0m[0m
[0m[[0m[0minfo[0m] [0m[0m[31m   : fetch_module.io.Imem_fetch_address <= VOID[0m[0m
[0m[[0m[0minfo[0m] [0m[0m[31mfirrtl.passes.CheckInitialization$RefNotInitializedException:  @[topcore.scala 19:25] : [module topcore]  Reference wb_module is not fully initialized.[0m[0m
[0m[[0m[0minfo[0m] [0m[0m[31m   : wb_module.io.ins <= VOID[0m[0m
[0m[[0m[0minfo[0m] [0m[0m[31mfirrtl.passes.CheckInitialization$RefNotInitializedException:  @[topcore.scala 18:26] : [module topcore]  Reference mem_module is not fully initialized.[0m[0m
[0m[[0m[0minfo[0m] [0m[0m[31m   : mem_module.io.addr_mem <= VOID[0m[0m
[0m[[0m[0minfo[0m] [0m[0m[31mfirrtl.passes.CheckInitialization$RefNotInitializedException:  @[topcore.scala 16:29] : [module topcore]  Reference decode_module is not fully initialized.[0m[0m
[0m[[0m[0minfo[0m] [0m[0m[31m   : decode_module.io.decode_regf_raddr1 <= VOID[0m[0m
[0m[[0m[0minfo[0m] [0m[0m[31mfirrtl.passes.CheckInitialization$RefNotInitializedException:  @[topcore.scala 16:29] : [module topcore]  Reference decode_module is not fully initialized.[0m[0m
[0m[[0m[0minfo[0m] [0m[0m[31m   : decode_module.io.pc_imm_execute_to_decode <= VOID[0m[0m
[0m[[0m[0minfo[0m] [0m[0m[31mfirrtl.passes.CheckInitialization$RefNotInitializedException:  @[topcore.scala 15:28] : [module topcore]  Reference fetch_module is not fully initialized.[0m[0m
[0m[[0m[0minfo[0m] [0m[0m[31m   : fetch_module.io.pc_fetch_jump <= VOID[0m[0m
[0m[[0m[0minfo[0m] [0m[0m[31mfirrtl.passes.CheckInitialization$RefNotInitializedException:  @[topcore.scala 15:28] : [module topcore]  Reference fetch_module is not fully initialized.[0m[0m
[0m[[0m[0minfo[0m] [0m[0m[31m   : fetch_module.io.Imem_fetch_enable <= VOID[0m[0m
[0m[[0m[0minfo[0m] [0m[0m[31mfirrtl.passes.CheckInitialization$RefNotInitializedException:  @[topcore.scala 16:29] : [module topcore]  Reference decode_module is not fully initialized.[0m[0m
[0m[[0m[0minfo[0m] [0m[0m[31m   : decode_module.io.decode_immgenr_instruction <= VOID[0m[0m
[0m[[0m[0minfo[0m] [0m[0m[31mfirrtl.passes.CheckInitialization$RefNotInitializedException:  @[topcore.scala 17:30] : [module topcore]  Reference execute_module is not fully initialized.[0m[0m
[0m[[0m[0minfo[0m] [0m[0m[31m   : execute_module.io.pc_decode_to_execute <= VOID[0m[0m
[0m[[0m[0minfo[0m] [0m[0m[31mfirrtl.passes.PassException: 22 errors detected![0m[0m
[0m[[0m[0minfo[0m] [0m[0m[31m  ...[0m[0m
[0m[[0m[0minfo[0m] [0m[0m[36mRun completed in 3 seconds, 299 milliseconds.[0m[0m
[0m[[0m[0minfo[0m] [0m[0m[36mTotal number of tests run: 1[0m[0m
[0m[[0m[0minfo[0m] [0m[0m[36mSuites: completed 1, aborted 0[0m[0m
[0m[[0m[0minfo[0m] [0m[0m[36mTests: succeeded 0, failed 1, canceled 0, ignored 0, pending 0[0m[0m
[0m[[0m[0minfo[0m] [0m[0m[31m*** 1 TEST FAILED ***[0m[0m
[0m[[0m[31merror[0m] [0m[0mFailed tests:[0m
[0m[[0m[31merror[0m] [0m[0m	core.topcoretest[0m
[0m[[0m[31merror[0m] [0m[0m(Test / [31mtestOnly[0m) sbt.TestsFailedException: Tests unsuccessful[0m
[0m[[0m[31merror[0m] [0m[0mTotal time: 4 s, completed Sep 26, 2024, 9:50:33 PM[0m
[0m[[0m[0mdebug[0m] [0m[0m> Exec(shell, None, None)[0m
[0m[[0m[0mdebug[0m] [0m[0mForcing garbage collection...[0m
