[0m[[0m[0mdebug[0m] [0m[0m> Exec(testOnly core.topcoretest -- -DwriteVcd=1, Some(af8e31e3-0015-47f5-a7a9-d3bfd54e1930), Some(CommandSource(console0)))[0m
[0m[[0m[0mdebug[0m] [0m[0mEvaluating tasks: Test / testOnly[0m
[0m[[0m[0mdebug[0m] [0m[0mRunning task... Cancel: Signal, check cycles: false, forcegc: true[0m
[0m[[0m[0minfo[0m] [0m[0mcompiling 1 Scala source to /home/shehroz/Desktop/New Folder 3/Vermithor/target/scala-2.12/test-classes ...[0m
[0m[[0m[0minfo[0m] [0m[0m[32mtopcoretest:[0m[0m
[0m[[0m[0minfo[0m] [0m[0m[31m- Chisel Tester File topcoretest *** FAILED ***[0m[0m
[0m[[0m[0minfo[0m] [0m[0m[31m  chisel3.internal.ChiselException: Connection between sink (UInt<12>(IO io_imm_execute in execute)) and source (UInt<32>(IO io_decode_imm_out in decode)) failed @: Sink is unwriteable by current module.[0m[0m
[0m[[0m[0minfo[0m] [0m[0m[31m  at ... ()[0m[0m
[0m[[0m[0minfo[0m] [0m[0m[31m  at core.top_core.<init>(topcore.scala:33)[0m[0m
[0m[[0m[0minfo[0m] [0m[0m[31m  at core.topcoretest.$anonfun$new$2(topcoretest.scala:8)[0m[0m
[0m[[0m[0minfo[0m] [0m[0m[31m  at ... ()[0m[0m
[0m[[0m[0minfo[0m] [0m[0m[31m  at ... (Stack trace trimmed to user code only. Rerun with --full-stacktrace to see the full stack trace)[0m[0m
[0m[[0m[0minfo[0m] [0m[0m[31m  ...[0m[0m
[0m[[0m[0minfo[0m] [0m[0m[36mRun completed in 1 second, 882 milliseconds.[0m[0m
[0m[[0m[0minfo[0m] [0m[0m[36mTotal number of tests run: 1[0m[0m
[0m[[0m[0minfo[0m] [0m[0m[36mSuites: completed 1, aborted 0[0m[0m
[0m[[0m[0minfo[0m] [0m[0m[36mTests: succeeded 0, failed 1, canceled 0, ignored 0, pending 0[0m[0m
[0m[[0m[0minfo[0m] [0m[0m[31m*** 1 TEST FAILED ***[0m[0m
[0m[[0m[31merror[0m] [0m[0mFailed tests:[0m
[0m[[0m[31merror[0m] [0m[0m	core.topcoretest[0m
[0m[[0m[31merror[0m] [0m[0m(Test / [31mtestOnly[0m) sbt.TestsFailedException: Tests unsuccessful[0m
[0m[[0m[31merror[0m] [0m[0mTotal time: 7 s, completed Sep 26, 2024, 4:34:21 PM[0m
[0m[[0m[0mdebug[0m] [0m[0m> Exec(shell, None, None)[0m
