2024.10.01 21:35:47 INFO  Started: Metals version 1.3.5 in folders '/home/shehroz/Desktop/New Folder 3/Vermithor' for client Visual Studio Code 1.93.1.
SLF4J(W): Class path contains multiple SLF4J providers.
SLF4J(W): Found provider [scribe.slf4j.ScribeServiceProvider@23fa226d]
SLF4J(W): Found provider [ch.qos.logback.classic.spi.LogbackServiceProvider@69a12a66]
SLF4J(W): See https://www.slf4j.org/codes.html#multiple_bindings for an explanation.
SLF4J(I): Actual provider is of type [scribe.slf4j.ScribeServiceProvider@23fa226d]
2024.10.01 21:35:50 WARN  Flyway upgrade recommended: H2 2.3.230 is newer than this version of Flyway and support has not been tested. The latest supported version of H2 is 2.2.220.
2024.10.01 21:35:51 INFO  Attempting to connect to the build server...
2024.10.01 21:35:57 INFO  restarted 0 presentation compilers
2024.10.01 21:36:04 INFO  tracing is disabled for protocol BSP, to enable tracing of incoming and outgoing JSON messages create an empty file at /home/shehroz/Desktop/New Folder 3/Vermithor/.metals/bsp.trace.json or /home/shehroz/.cache/metals/bsp.trace.json
2024.10.01 21:36:04 INFO  Attempting to connect to the build server...
2024.10.01 21:36:04 INFO  tracing is disabled for protocol BSP, to enable tracing of incoming and outgoing JSON messages create an empty file at /home/shehroz/Desktop/New Folder 3/Vermithor/project/.metals/bsp.trace.json or /home/shehroz/.cache/metals/bsp.trace.json
2024.10.01 21:36:06 INFO  time: Connected to build server in 14s
2024.10.01 21:36:06 INFO  Connected to Build server: Bloop v1.6.0
2024.10.01 21:36:06 INFO  time: Imported build in 0.41s
2024.10.01 21:36:07 INFO  running doctor check
2024.10.01 21:36:07 INFO  java targets: vermithor-build, root-test, root
2024.10.01 21:36:07 WARN  2.12.12 is no longer supported in the current Metals versions, using the last known supported version 1.3.3
2024.10.01 21:36:09 WARN  2.12.13 is no longer supported in the current Metals versions, using the last known supported version 1.3.3
2024.10.01 21:36:13 WARN  Flyway upgrade recommended: H2 2.3.230 is newer than this version of Flyway and support has not been tested. The latest supported version of H2 is 2.2.220.
2024.10.01 21:36:16 INFO  time: indexed workspace in 9.77s
2024.10.01 21:36:16 WARN  no build target for: /home/shehroz/Desktop/New Folder 3/Vermithor/src/main/scala/core/topcore.scala
2024.10.01 21:36:17 INFO  no build target found for /home/shehroz/Desktop/New Folder 3/Vermithor/src/main/scala/core/topcore.scala. Using presentation compiler with project's scala-library version: 2.12.19
2024.10.01 21:36:21 INFO  time: code lens generation in 4.79s
2024.10.01 21:36:21 INFO  time: code lens generation in 3.71s
